This is pdfTeX, Version 3.141592653-2.6-1.40.25 (TeX Live 2023/nixos.org) (preloaded format=pdflatex 1980.1.1)  10 AUG 2025 02:37
entering extended mode
 restricted \write18 enabled.
 %&-line parsing enabled.
**resume.tex
(./resume.tex
LaTeX2e <2023-11-01> patch level 1
L3 programming layer <2024-02-20>
(./developercv.cls
Document Class: developercv 2025/02/24 Developer CV class v1.1

(/nix/store/5dwjbrp4zmg2wbnykym9v27g7xv8y3v4-texlive-combined-full-2023-final-t
exmfdist/tex/latex/extsizes/extarticle.cls
Document Class: extarticle 1996/10/08 v1.0 Non Standard LaTeX document class

(/nix/store/5dwjbrp4zmg2wbnykym9v27g7xv8y3v4-texlive-combined-full-2023-final-t
exmfdist/tex/latex/extsizes/size9.clo
File: size9.clo 1999/11/11 v1.4a NON-Standard LaTeX file (size option)
)
(/nix/store/5dwjbrp4zmg2wbnykym9v27g7xv8y3v4-texlive-combined-full-2023-final-t
exmfdist/tex/latex/base/exscale.sty
Package: exscale 2018/09/24 v2.1i Standard LaTeX package exscale
LaTeX Font Info:    Redeclaring symbol font `largesymbols' on input line 57.
LaTeX Font Info:    Overwriting symbol font `largesymbols' in version `normal'
(Font)                  OMX/cmex/m/n --> OMX/cmex/m/n on input line 57.
LaTeX Font Info:    Overwriting symbol font `largesymbols' in version `bold'
(Font)                  OMX/cmex/m/n --> OMX/cmex/m/n on input line 57.
\big@size=\dimen140
)
\c@part=\count188
\c@section=\count189
\c@subsection=\count190
\c@subsubsection=\count191
\c@paragraph=\count192
\c@subparagraph=\count193
\c@figure=\count194
\c@table=\count195
\abovecaptionskip=\skip48
\belowcaptionskip=\skip49
\bibindent=\dimen141
)
(/nix/store/5dwjbrp4zmg2wbnykym9v27g7xv8y3v4-texlive-combined-full-2023-final-t
exmfdist/tex/latex/hyperref/hyperref.sty
Package: hyperref 2024-01-20 v7.01h Hypertext links for LaTeX

(/nix/store/5dwjbrp4zmg2wbnykym9v27g7xv8y3v4-texlive-combined-full-2023-final-t
exmfdist/tex/generic/iftex/iftex.sty
Package: iftex 2022/02/03 v1.0f TeX engine tests
)
(/nix/store/5dwjbrp4zmg2wbnykym9v27g7xv8y3v4-texlive-combined-full-2023-final-t
exmfdist/tex/latex/graphics/keyval.sty
Package: keyval 2022/05/29 v1.15 key=value parser (DPC)
\KV@toks@=\toks17
)
(/nix/store/5dwjbrp4zmg2wbnykym9v27g7xv8y3v4-texlive-combined-full-2023-final-t
exmfdist/tex/latex/kvsetkeys/kvsetkeys.sty
Package: kvsetkeys 2022-10-05 v1.19 Key value parser (HO)
)
(/nix/store/5dwjbrp4zmg2wbnykym9v27g7xv8y3v4-texlive-combined-full-2023-final-t
exmfdist/tex/generic/kvdefinekeys/kvdefinekeys.sty
Package: kvdefinekeys 2019-12-19 v1.6 Define keys (HO)
)
(/nix/store/5dwjbrp4zmg2wbnykym9v27g7xv8y3v4-texlive-combined-full-2023-final-t
exmfdist/tex/generic/pdfescape/pdfescape.sty
Package: pdfescape 2019/12/09 v1.15 Implements pdfTeX's escape features (HO)

(/nix/store/5dwjbrp4zmg2wbnykym9v27g7xv8y3v4-texlive-combined-full-2023-final-t
exmfdist/tex/generic/ltxcmds/ltxcmds.sty
Package: ltxcmds 2023-12-04 v1.26 LaTeX kernel commands for general use (HO)
)
(/nix/store/5dwjbrp4zmg2wbnykym9v27g7xv8y3v4-texlive-combined-full-2023-final-t
exmfdist/tex/generic/pdftexcmds/pdftexcmds.sty
Package: pdftexcmds 2020-06-27 v0.33 Utility functions of pdfTeX for LuaTeX (HO
)

(/nix/store/5dwjbrp4zmg2wbnykym9v27g7xv8y3v4-texlive-combined-full-2023-final-t
exmfdist/tex/generic/infwarerr/infwarerr.sty
Package: infwarerr 2019/12/03 v1.5 Providing info/warning/error messages (HO)
)
Package pdftexcmds Info: \pdf@primitive is available.
Package pdftexcmds Info: \pdf@ifprimitive is available.
Package pdftexcmds Info: \pdfdraftmode found.
))
(/nix/store/5dwjbrp4zmg2wbnykym9v27g7xv8y3v4-texlive-combined-full-2023-final-t
exmfdist/tex/latex/hycolor/hycolor.sty
Package: hycolor 2020-01-27 v1.10 Color options for hyperref/bookmark (HO)
)
(/nix/store/5dwjbrp4zmg2wbnykym9v27g7xv8y3v4-texlive-combined-full-2023-final-t
exmfdist/tex/latex/auxhook/auxhook.sty
Package: auxhook 2019-12-17 v1.6 Hooks for auxiliary files (HO)
)
(/nix/store/5dwjbrp4zmg2wbnykym9v27g7xv8y3v4-texlive-combined-full-2023-final-t
exmfdist/tex/latex/hyperref/nameref.sty
Package: nameref 2023-11-26 v2.56 Cross-referencing by name of section

(/nix/store/5dwjbrp4zmg2wbnykym9v27g7xv8y3v4-texlive-combined-full-2023-final-t
exmfdist/tex/latex/refcount/refcount.sty
Package: refcount 2019/12/15 v3.6 Data extraction from label references (HO)
)
(/nix/store/5dwjbrp4zmg2wbnykym9v27g7xv8y3v4-texlive-combined-full-2023-final-t
exmfdist/tex/generic/gettitlestring/gettitlestring.sty
Package: gettitlestring 2019/12/15 v1.6 Cleanup title references (HO)

(/nix/store/5dwjbrp4zmg2wbnykym9v27g7xv8y3v4-texlive-combined-full-2023-final-t
exmfdist/tex/latex/kvoptions/kvoptions.sty
Package: kvoptions 2022-06-15 v3.15 Key value format for package options (HO)
))
\c@section@level=\count196
)
(/nix/store/5dwjbrp4zmg2wbnykym9v27g7xv8y3v4-texlive-combined-full-2023-final-t
exmfdist/tex/latex/etoolbox/etoolbox.sty
Package: etoolbox 2020/10/05 v2.5k e-TeX tools for LaTeX (JAW)
\etb@tempcnta=\count197
)
\@linkdim=\dimen142
\Hy@linkcounter=\count198
\Hy@pagecounter=\count199

(/nix/store/5dwjbrp4zmg2wbnykym9v27g7xv8y3v4-texlive-combined-full-2023-final-t
exmfdist/tex/latex/hyperref/pd1enc.def
File: pd1enc.def 2024-01-20 v7.01h Hyperref: PDFDocEncoding definition (HO)
Now handling font encoding PD1 ...
... no UTF-8 mapping file for font encoding PD1
)
(/nix/store/5dwjbrp4zmg2wbnykym9v27g7xv8y3v4-texlive-combined-full-2023-final-t
exmfdist/tex/generic/intcalc/intcalc.sty
Package: intcalc 2019/12/15 v1.3 Expandable calculations with integers (HO)
)
\Hy@SavedSpaceFactor=\count266

(/nix/store/5dwjbrp4zmg2wbnykym9v27g7xv8y3v4-texlive-combined-full-2023-final-t
exmfdist/tex/latex/hyperref/puenc.def
File: puenc.def 2024-01-20 v7.01h Hyperref: PDF Unicode definition (HO)
Now handling font encoding PU ...
... no UTF-8 mapping file for font encoding PU
)
Package hyperref Info: Hyper figures OFF on input line 4179.
Package hyperref Info: Link nesting OFF on input line 4184.
Package hyperref Info: Hyper index ON on input line 4187.
Package hyperref Info: Plain pages OFF on input line 4194.
Package hyperref Info: Backreferencing OFF on input line 4199.
Package hyperref Info: Implicit mode ON; LaTeX internals redefined.
Package hyperref Info: Bookmarks ON on input line 4446.
\c@Hy@tempcnt=\count267

(/nix/store/5dwjbrp4zmg2wbnykym9v27g7xv8y3v4-texlive-combined-full-2023-final-t
exmfdist/tex/latex/url/url.sty
\Urlmuskip=\muskip16
Package: url 2013/09/16  ver 3.4  Verb mode for urls, etc.
)
LaTeX Info: Redefining \url on input line 4784.
\XeTeXLinkMargin=\dimen143

(/nix/store/5dwjbrp4zmg2wbnykym9v27g7xv8y3v4-texlive-combined-full-2023-final-t
exmfdist/tex/generic/bitset/bitset.sty
Package: bitset 2019/12/09 v1.3 Handle bit-vector datatype (HO)

(/nix/store/5dwjbrp4zmg2wbnykym9v27g7xv8y3v4-texlive-combined-full-2023-final-t
exmfdist/tex/generic/bigintcalc/bigintcalc.sty
Package: bigintcalc 2019/12/15 v1.5 Expandable calculations on big integers (HO
)
))
\Fld@menulength=\count268
\Field@Width=\dimen144
\Fld@charsize=\dimen145
Package hyperref Info: Hyper figures OFF on input line 6063.
Package hyperref Info: Link nesting OFF on input line 6068.
Package hyperref Info: Hyper index ON on input line 6071.
Package hyperref Info: backreferencing OFF on input line 6078.
Package hyperref Info: Link coloring OFF on input line 6083.
Package hyperref Info: Link coloring with OCG OFF on input line 6088.
Package hyperref Info: PDF/A mode OFF on input line 6093.

(/nix/store/5dwjbrp4zmg2wbnykym9v27g7xv8y3v4-texlive-combined-full-2023-final-t
exmfdist/tex/latex/base/atbegshi-ltx.sty
Package: atbegshi-ltx 2021/01/10 v1.0c Emulation of the original atbegshi
package with kernel methods
)
\Hy@abspage=\count269
\c@Item=\count270
\c@Hfootnote=\count271
)
Package hyperref Info: Driver (autodetected): hpdftex.

(/nix/store/5dwjbrp4zmg2wbnykym9v27g7xv8y3v4-texlive-combined-full-2023-final-t
exmfdist/tex/latex/hyperref/hpdftex.def
File: hpdftex.def 2024-01-20 v7.01h Hyperref driver for pdfTeX

(/nix/store/5dwjbrp4zmg2wbnykym9v27g7xv8y3v4-texlive-combined-full-2023-final-t
exmfdist/tex/latex/base/atveryend-ltx.sty
Package: atveryend-ltx 2020/08/19 v1.0a Emulation of the original atveryend pac
kage
with kernel methods
)
\Fld@listcount=\count272
\c@bookmark@seq@number=\count273

(/nix/store/5dwjbrp4zmg2wbnykym9v27g7xv8y3v4-texlive-combined-full-2023-final-t
exmfdist/tex/latex/rerunfilecheck/rerunfilecheck.sty
Package: rerunfilecheck 2022-07-10 v1.10 Rerun checks for auxiliary files (HO)

(/nix/store/5dwjbrp4zmg2wbnykym9v27g7xv8y3v4-texlive-combined-full-2023-final-t
exmfdist/tex/generic/uniquecounter/uniquecounter.sty
Package: uniquecounter 2019/12/15 v1.4 Provide unlimited unique counter (HO)
)
Package uniquecounter Info: New unique counter `rerunfilecheck' on input line 2
85.
)
\Hy@SectionHShift=\skip50
)
(/nix/store/5dwjbrp4zmg2wbnykym9v27g7xv8y3v4-texlive-combined-full-2023-final-t
exmfdist/tex/latex/moresize/moresize.sty
Package: moresize 1999/07/26 v1.9 (more font sizes)
)
(/nix/store/5dwjbrp4zmg2wbnykym9v27g7xv8y3v4-texlive-combined-full-2023-final-t
exmfdist/tex/latex/geometry/geometry.sty
Package: geometry 2020/01/02 v5.9 Page Geometry

(/nix/store/5dwjbrp4zmg2wbnykym9v27g7xv8y3v4-texlive-combined-full-2023-final-t
exmfdist/tex/generic/iftex/ifvtex.sty
Package: ifvtex 2019/10/25 v1.7 ifvtex legacy package. Use iftex instead.
)
\Gm@cnth=\count274
\Gm@cntv=\count275
\c@Gm@tempcnt=\count276
\Gm@bindingoffset=\dimen146
\Gm@wd@mp=\dimen147
\Gm@odd@mp=\dimen148
\Gm@even@mp=\dimen149
\Gm@layoutwidth=\dimen150
\Gm@layoutheight=\dimen151
\Gm@layouthoffset=\dimen152
\Gm@layoutvoffset=\dimen153
\Gm@dimlist=\toks18
)
(/nix/store/5dwjbrp4zmg2wbnykym9v27g7xv8y3v4-texlive-combined-full-2023-final-t
exmfdist/tex/latex/base/inputenc.sty
Package: inputenc 2021/02/14 v1.3d Input encoding file
\inpenc@prehook=\toks19
\inpenc@posthook=\toks20
)
(/nix/store/5dwjbrp4zmg2wbnykym9v27g7xv8y3v4-texlive-combined-full-2023-final-t
exmfdist/tex/latex/base/fontenc.sty
Package: fontenc 2021/04/29 v2.0v Standard LaTeX package
)
(/nix/store/5dwjbrp4zmg2wbnykym9v27g7xv8y3v4-texlive-combined-full-2023-final-t
exmfdist/tex/latex/raleway/raleway.sty
Package: raleway 2016/12/03 v1.4 Matt McInerney’s Raleway family

(/nix/store/5dwjbrp4zmg2wbnykym9v27g7xv8y3v4-texlive-combined-full-2023-final-t
exmfdist/tex/generic/iftex/ifxetex.sty
Package: ifxetex 2019/10/25 v0.7 ifxetex legacy package. Use iftex instead.
)
(/nix/store/5dwjbrp4zmg2wbnykym9v27g7xv8y3v4-texlive-combined-full-2023-final-t
exmfdist/tex/generic/iftex/ifluatex.sty
Package: ifluatex 2019/10/25 v1.5 ifluatex legacy package. Use iftex instead.
)
(/nix/store/5dwjbrp4zmg2wbnykym9v27g7xv8y3v4-texlive-combined-full-2023-final-t
exmfdist/tex/latex/xkeyval/xkeyval.sty
Package: xkeyval 2022/06/16 v2.9 package option processing (HA)

(/nix/store/5dwjbrp4zmg2wbnykym9v27g7xv8y3v4-texlive-combined-full-2023-final-t
exmfdist/tex/generic/xkeyval/xkeyval.tex
(/nix/store/5dwjbrp4zmg2wbnykym9v27g7xv8y3v4-texlive-combined-full-2023-final-t
exmfdist/tex/generic/xkeyval/xkvutils.tex
\XKV@toks=\toks21
\XKV@tempa@toks=\toks22
)
\XKV@depth=\count277
File: xkeyval.tex 2014/12/03 v2.7a key=value parser (HA)
))
(/nix/store/5dwjbrp4zmg2wbnykym9v27g7xv8y3v4-texlive-combined-full-2023-final-t
exmfdist/tex/latex/base/fontenc.sty
Package: fontenc 2021/04/29 v2.0v Standard LaTeX package

(/nix/store/5dwjbrp4zmg2wbnykym9v27g7xv8y3v4-texlive-combined-full-2023-final-t
exmfdist/tex/latex/ly1/ly1enc.def
File: ly1enc.def 2022/06/11 v0.8 TeX 'n ANSI encoding (DPC/KB)
Now handling font encoding LY1 ...
... processing UTF-8 mapping file for font encoding LY1

(/nix/store/5dwjbrp4zmg2wbnykym9v27g7xv8y3v4-texlive-combined-full-2023-final-t
exmfdist/tex/latex/base/ly1enc.dfu
File: ly1enc.dfu 2022/06/07 v1.3c UTF-8 support
   defining Unicode char U+00A0 (decimal 160)
   defining Unicode char U+00A1 (decimal 161)
   defining Unicode char U+00A2 (decimal 162)
   defining Unicode char U+00A3 (decimal 163)
   defining Unicode char U+00A4 (decimal 164)
   defining Unicode char U+00A5 (decimal 165)
   defining Unicode char U+00A6 (decimal 166)
   defining Unicode char U+00A7 (decimal 167)
   defining Unicode char U+00AA (decimal 170)
   defining Unicode char U+00AB (decimal 171)
   defining Unicode char U+00AD (decimal 173)
   defining Unicode char U+00AE (decimal 174)
   defining Unicode char U+00B0 (decimal 176)
   defining Unicode char U+00B5 (decimal 181)
   defining Unicode char U+00B6 (decimal 182)
   defining Unicode char U+00B7 (decimal 183)
   defining Unicode char U+00BA (decimal 186)
   defining Unicode char U+00BB (decimal 187)
   defining Unicode char U+00BC (decimal 188)
   defining Unicode char U+00BD (decimal 189)
   defining Unicode char U+00BE (decimal 190)
   defining Unicode char U+00BF (decimal 191)
   defining Unicode char U+00C0 (decimal 192)
   defining Unicode char U+00C1 (decimal 193)
   defining Unicode char U+00C2 (decimal 194)
   defining Unicode char U+00C3 (decimal 195)
   defining Unicode char U+00C4 (decimal 196)
   defining Unicode char U+00C5 (decimal 197)
   defining Unicode char U+00C6 (decimal 198)
   defining Unicode char U+00C7 (decimal 199)
   defining Unicode char U+00C8 (decimal 200)
   defining Unicode char U+00C9 (decimal 201)
   defining Unicode char U+00CA (decimal 202)
   defining Unicode char U+00CB (decimal 203)
   defining Unicode char U+00CC (decimal 204)
   defining Unicode char U+00CD (decimal 205)
   defining Unicode char U+00CE (decimal 206)
   defining Unicode char U+00CF (decimal 207)
   defining Unicode char U+00D0 (decimal 208)
   defining Unicode char U+00D1 (decimal 209)
   defining Unicode char U+00D2 (decimal 210)
   defining Unicode char U+00D3 (decimal 211)
   defining Unicode char U+00D4 (decimal 212)
   defining Unicode char U+00D5 (decimal 213)
   defining Unicode char U+00D6 (decimal 214)
   defining Unicode char U+00D8 (decimal 216)
   defining Unicode char U+00D9 (decimal 217)
   defining Unicode char U+00DA (decimal 218)
   defining Unicode char U+00DB (decimal 219)
   defining Unicode char U+00DC (decimal 220)
   defining Unicode char U+00DD (decimal 221)
   defining Unicode char U+00DE (decimal 222)
   defining Unicode char U+00DF (decimal 223)
   defining Unicode char U+00E0 (decimal 224)
   defining Unicode char U+00E1 (decimal 225)
   defining Unicode char U+00E2 (decimal 226)
   defining Unicode char U+00E3 (decimal 227)
   defining Unicode char U+00E4 (decimal 228)
   defining Unicode char U+00E5 (decimal 229)
   defining Unicode char U+00E6 (decimal 230)
   defining Unicode char U+00E7 (decimal 231)
   defining Unicode char U+00E8 (decimal 232)
   defining Unicode char U+00E9 (decimal 233)
   defining Unicode char U+00EA (decimal 234)
   defining Unicode char U+00EB (decimal 235)
   defining Unicode char U+00EC (decimal 236)
   defining Unicode char U+00ED (decimal 237)
   defining Unicode char U+00EE (decimal 238)
   defining Unicode char U+00EF (decimal 239)
   defining Unicode char U+00F0 (decimal 240)
   defining Unicode char U+00F1 (decimal 241)
   defining Unicode char U+00F2 (decimal 242)
   defining Unicode char U+00F3 (decimal 243)
   defining Unicode char U+00F4 (decimal 244)
   defining Unicode char U+00F5 (decimal 245)
   defining Unicode char U+00F6 (decimal 246)
   defining Unicode char U+00F8 (decimal 248)
   defining Unicode char U+00F9 (decimal 249)
   defining Unicode char U+00FA (decimal 250)
   defining Unicode char U+00FB (decimal 251)
   defining Unicode char U+00FC (decimal 252)
   defining Unicode char U+00FD (decimal 253)
   defining Unicode char U+00FE (decimal 254)
   defining Unicode char U+00FF (decimal 255)
   defining Unicode char U+0131 (decimal 305)
   defining Unicode char U+0141 (decimal 321)
   defining Unicode char U+0142 (decimal 322)
   defining Unicode char U+0152 (decimal 338)
   defining Unicode char U+0153 (decimal 339)
   defining Unicode char U+0160 (decimal 352)
   defining Unicode char U+0161 (decimal 353)
   defining Unicode char U+0174 (decimal 372)
   defining Unicode char U+0175 (decimal 373)
   defining Unicode char U+0176 (decimal 374)
   defining Unicode char U+0177 (decimal 375)
   defining Unicode char U+0178 (decimal 376)
   defining Unicode char U+017D (decimal 381)
   defining Unicode char U+017E (decimal 382)
   defining Unicode char U+0192 (decimal 402)
   defining Unicode char U+0218 (decimal 536)
   defining Unicode char U+0219 (decimal 537)
   defining Unicode char U+021A (decimal 538)
   defining Unicode char U+021B (decimal 539)
   defining Unicode char U+0237 (decimal 567)
   defining Unicode char U+02C6 (decimal 710)
   defining Unicode char U+02DC (decimal 732)
   defining Unicode char U+2013 (decimal 8211)
   defining Unicode char U+2014 (decimal 8212)
   defining Unicode char U+201C (decimal 8220)
   defining Unicode char U+201D (decimal 8221)
   defining Unicode char U+2020 (decimal 8224)
   defining Unicode char U+2021 (decimal 8225)
   defining Unicode char U+2022 (decimal 8226)
   defining Unicode char U+2026 (decimal 8230)
   defining Unicode char U+2030 (decimal 8240)
   defining Unicode char U+2039 (decimal 8249)
   defining Unicode char U+203A (decimal 8250)
   defining Unicode char U+2122 (decimal 8482)
   defining Unicode char U+FB00 (decimal 64256)
   defining Unicode char U+FB01 (decimal 64257)
   defining Unicode char U+FB02 (decimal 64258)
   defining Unicode char U+FB03 (decimal 64259)
   defining Unicode char U+FB04 (decimal 64260)
   defining Unicode char U+FB05 (decimal 64261)
   defining Unicode char U+FB06 (decimal 64262)
))))
(/nix/store/5dwjbrp4zmg2wbnykym9v27g7xv8y3v4-texlive-combined-full-2023-final-t
exmfdist/tex/latex/fontawesome5/fontawesome5.sty
(/nix/store/5dwjbrp4zmg2wbnykym9v27g7xv8y3v4-texlive-combined-full-2023-final-t
exmfdist/tex/latex/l3kernel/expl3.sty
Package: expl3 2024-02-20 L3 programming layer (loader) 

(/nix/store/5dwjbrp4zmg2wbnykym9v27g7xv8y3v4-texlive-combined-full-2023-final-t
exmfdist/tex/latex/l3backend/l3backend-pdftex.def
File: l3backend-pdftex.def 2024-02-20 L3 backend support: PDF output (pdfTeX)
\l__color_backend_stack_int=\count278
\l__pdf_internal_box=\box51
))
Package: fontawesome5 2022/05/02 v5.15.4 Font Awesome 5

(/nix/store/5dwjbrp4zmg2wbnykym9v27g7xv8y3v4-texlive-combined-full-2023-final-t
exmfdist/tex/latex/l3packages/l3keys2e/l3keys2e.sty
Package: l3keys2e 2024-02-18 LaTeX2e option processing using LaTeX3 keys
)
(/nix/store/5dwjbrp4zmg2wbnykym9v27g7xv8y3v4-texlive-combined-full-2023-final-t
exmfdist/tex/latex/l3packages/xparse/xparse.sty
Package: xparse 2024-02-18 L3 Experimental document command parser
)
(/nix/store/5dwjbrp4zmg2wbnykym9v27g7xv8y3v4-texlive-combined-full-2023-final-t
exmfdist/tex/latex/fontawesome5/fontawesome5-generic-helper.sty
Package: fontawesome5-generic-helper 2022/05/02 v5.15.4 non-uTeX helper for fon
tawesome5

(/nix/store/5dwjbrp4zmg2wbnykym9v27g7xv8y3v4-texlive-combined-full-2023-final-t
exmfdist/tex/latex/fontawesome5/fontawesome5-mapping.def)))
(/nix/store/5dwjbrp4zmg2wbnykym9v27g7xv8y3v4-texlive-combined-full-2023-final-t
exmfdist/tex/latex/pgf/frontendlayer/tikz.sty
(/nix/store/5dwjbrp4zmg2wbnykym9v27g7xv8y3v4-texlive-combined-full-2023-final-t
exmfdist/tex/latex/pgf/basiclayer/pgf.sty
(/nix/store/5dwjbrp4zmg2wbnykym9v27g7xv8y3v4-texlive-combined-full-2023-final-t
exmfdist/tex/latex/pgf/utilities/pgfrcs.sty
(/nix/store/5dwjbrp4zmg2wbnykym9v27g7xv8y3v4-texlive-combined-full-2023-final-t
exmfdist/tex/generic/pgf/utilities/pgfutil-common.tex
\pgfutil@everybye=\toks23
\pgfutil@tempdima=\dimen154
\pgfutil@tempdimb=\dimen155
)
(/nix/store/5dwjbrp4zmg2wbnykym9v27g7xv8y3v4-texlive-combined-full-2023-final-t
exmfdist/tex/generic/pgf/utilities/pgfutil-latex.def
\pgfutil@abb=\box52
)
(/nix/store/5dwjbrp4zmg2wbnykym9v27g7xv8y3v4-texlive-combined-full-2023-final-t
exmfdist/tex/generic/pgf/utilities/pgfrcs.code.tex
(/nix/store/5dwjbrp4zmg2wbnykym9v27g7xv8y3v4-texlive-combined-full-2023-final-t
exmfdist/tex/generic/pgf/pgf.revision.tex)
Package: pgfrcs 2023-01-15 v3.1.10 (3.1.10)
))
Package: pgf 2023-01-15 v3.1.10 (3.1.10)

(/nix/store/5dwjbrp4zmg2wbnykym9v27g7xv8y3v4-texlive-combined-full-2023-final-t
exmfdist/tex/latex/pgf/basiclayer/pgfcore.sty
(/nix/store/5dwjbrp4zmg2wbnykym9v27g7xv8y3v4-texlive-combined-full-2023-final-t
exmfdist/tex/latex/graphics/graphicx.sty
Package: graphicx 2021/09/16 v1.2d Enhanced LaTeX Graphics (DPC,SPQR)

(/nix/store/5dwjbrp4zmg2wbnykym9v27g7xv8y3v4-texlive-combined-full-2023-final-t
exmfdist/tex/latex/graphics/graphics.sty
Package: graphics 2022/03/10 v1.4e Standard LaTeX Graphics (DPC,SPQR)

(/nix/store/5dwjbrp4zmg2wbnykym9v27g7xv8y3v4-texlive-combined-full-2023-final-t
exmfdist/tex/latex/graphics/trig.sty
Package: trig 2021/08/11 v1.11 sin cos tan (DPC)
)
(/nix/store/5dwjbrp4zmg2wbnykym9v27g7xv8y3v4-texlive-combined-full-2023-final-t
exmfdist/tex/latex/graphics-cfg/graphics.cfg
File: graphics.cfg 2016/06/04 v1.11 sample graphics configuration
)
Package graphics Info: Driver file: pdftex.def on input line 107.

(/nix/store/5dwjbrp4zmg2wbnykym9v27g7xv8y3v4-texlive-combined-full-2023-final-t
exmfdist/tex/latex/graphics-def/pdftex.def
File: pdftex.def 2022/09/22 v1.2b Graphics/color driver for pdftex
))
\Gin@req@height=\dimen156
\Gin@req@width=\dimen157
)
(/nix/store/5dwjbrp4zmg2wbnykym9v27g7xv8y3v4-texlive-combined-full-2023-final-t
exmfdist/tex/latex/pgf/systemlayer/pgfsys.sty
(/nix/store/5dwjbrp4zmg2wbnykym9v27g7xv8y3v4-texlive-combined-full-2023-final-t
exmfdist/tex/generic/pgf/systemlayer/pgfsys.code.tex
Package: pgfsys 2023-01-15 v3.1.10 (3.1.10)

(/nix/store/5dwjbrp4zmg2wbnykym9v27g7xv8y3v4-texlive-combined-full-2023-final-t
exmfdist/tex/generic/pgf/utilities/pgfkeys.code.tex
\pgfkeys@pathtoks=\toks24
\pgfkeys@temptoks=\toks25

(/nix/store/5dwjbrp4zmg2wbnykym9v27g7xv8y3v4-texlive-combined-full-2023-final-t
exmfdist/tex/generic/pgf/utilities/pgfkeyslibraryfiltered.code.tex
\pgfkeys@tmptoks=\toks26
))
\pgf@x=\dimen158
\pgf@y=\dimen159
\pgf@xa=\dimen160
\pgf@ya=\dimen161
\pgf@xb=\dimen162
\pgf@yb=\dimen163
\pgf@xc=\dimen164
\pgf@yc=\dimen165
\pgf@xd=\dimen166
\pgf@yd=\dimen167
\w@pgf@writea=\write3
\r@pgf@reada=\read2
\c@pgf@counta=\count279
\c@pgf@countb=\count280
\c@pgf@countc=\count281
\c@pgf@countd=\count282
\t@pgf@toka=\toks27
\t@pgf@tokb=\toks28
\t@pgf@tokc=\toks29
\pgf@sys@id@count=\count283

(/nix/store/5dwjbrp4zmg2wbnykym9v27g7xv8y3v4-texlive-combined-full-2023-final-t
exmfdist/tex/generic/pgf/systemlayer/pgf.cfg
File: pgf.cfg 2023-01-15 v3.1.10 (3.1.10)
)
Driver file for pgf: pgfsys-pdftex.def

(/nix/store/5dwjbrp4zmg2wbnykym9v27g7xv8y3v4-texlive-combined-full-2023-final-t
exmfdist/tex/generic/pgf/systemlayer/pgfsys-pdftex.def
File: pgfsys-pdftex.def 2023-01-15 v3.1.10 (3.1.10)

(/nix/store/5dwjbrp4zmg2wbnykym9v27g7xv8y3v4-texlive-combined-full-2023-final-t
exmfdist/tex/generic/pgf/systemlayer/pgfsys-common-pdf.def
File: pgfsys-common-pdf.def 2023-01-15 v3.1.10 (3.1.10)
)))
(/nix/store/5dwjbrp4zmg2wbnykym9v27g7xv8y3v4-texlive-combined-full-2023-final-t
exmfdist/tex/generic/pgf/systemlayer/pgfsyssoftpath.code.tex
File: pgfsyssoftpath.code.tex 2023-01-15 v3.1.10 (3.1.10)
\pgfsyssoftpath@smallbuffer@items=\count284
\pgfsyssoftpath@bigbuffer@items=\count285
)
(/nix/store/5dwjbrp4zmg2wbnykym9v27g7xv8y3v4-texlive-combined-full-2023-final-t
exmfdist/tex/generic/pgf/systemlayer/pgfsysprotocol.code.tex
File: pgfsysprotocol.code.tex 2023-01-15 v3.1.10 (3.1.10)
))
(/nix/store/5dwjbrp4zmg2wbnykym9v27g7xv8y3v4-texlive-combined-full-2023-final-t
exmfdist/tex/latex/xcolor/xcolor.sty
Package: xcolor 2023/11/15 v3.01 LaTeX color extensions (UK)

(/nix/store/5dwjbrp4zmg2wbnykym9v27g7xv8y3v4-texlive-combined-full-2023-final-t
exmfdist/tex/latex/graphics-cfg/color.cfg
File: color.cfg 2016/01/02 v1.6 sample color configuration
)
Package xcolor Info: Driver file: pdftex.def on input line 274.

(/nix/store/5dwjbrp4zmg2wbnykym9v27g7xv8y3v4-texlive-combined-full-2023-final-t
exmfdist/tex/latex/graphics/mathcolor.ltx)
Package xcolor Info: Model `cmy' substituted by `cmy0' on input line 1350.
Package xcolor Info: Model `hsb' substituted by `rgb' on input line 1354.
Package xcolor Info: Model `RGB' extended on input line 1366.
Package xcolor Info: Model `HTML' substituted by `rgb' on input line 1368.
Package xcolor Info: Model `Hsb' substituted by `hsb' on input line 1369.
Package xcolor Info: Model `tHsb' substituted by `hsb' on input line 1370.
Package xcolor Info: Model `HSB' substituted by `hsb' on input line 1371.
Package xcolor Info: Model `Gray' substituted by `gray' on input line 1372.
Package xcolor Info: Model `wave' substituted by `hsb' on input line 1373.
)
(/nix/store/5dwjbrp4zmg2wbnykym9v27g7xv8y3v4-texlive-combined-full-2023-final-t
exmfdist/tex/generic/pgf/basiclayer/pgfcore.code.tex
Package: pgfcore 2023-01-15 v3.1.10 (3.1.10)

(/nix/store/5dwjbrp4zmg2wbnykym9v27g7xv8y3v4-texlive-combined-full-2023-final-t
exmfdist/tex/generic/pgf/math/pgfmath.code.tex
(/nix/store/5dwjbrp4zmg2wbnykym9v27g7xv8y3v4-texlive-combined-full-2023-final-t
exmfdist/tex/generic/pgf/math/pgfmathutil.code.tex)
(/nix/store/5dwjbrp4zmg2wbnykym9v27g7xv8y3v4-texlive-combined-full-2023-final-t
exmfdist/tex/generic/pgf/math/pgfmathparser.code.tex
\pgfmath@dimen=\dimen168
\pgfmath@count=\count286
\pgfmath@box=\box53
\pgfmath@toks=\toks30
\pgfmath@stack@operand=\toks31
\pgfmath@stack@operation=\toks32
)
(/nix/store/5dwjbrp4zmg2wbnykym9v27g7xv8y3v4-texlive-combined-full-2023-final-t
exmfdist/tex/generic/pgf/math/pgfmathfunctions.code.tex)
(/nix/store/5dwjbrp4zmg2wbnykym9v27g7xv8y3v4-texlive-combined-full-2023-final-t
exmfdist/tex/generic/pgf/math/pgfmathfunctions.basic.code.tex)
(/nix/store/5dwjbrp4zmg2wbnykym9v27g7xv8y3v4-texlive-combined-full-2023-final-t
exmfdist/tex/generic/pgf/math/pgfmathfunctions.trigonometric.code.tex)
(/nix/store/5dwjbrp4zmg2wbnykym9v27g7xv8y3v4-texlive-combined-full-2023-final-t
exmfdist/tex/generic/pgf/math/pgfmathfunctions.random.code.tex)
(/nix/store/5dwjbrp4zmg2wbnykym9v27g7xv8y3v4-texlive-combined-full-2023-final-t
exmfdist/tex/generic/pgf/math/pgfmathfunctions.comparison.code.tex)
(/nix/store/5dwjbrp4zmg2wbnykym9v27g7xv8y3v4-texlive-combined-full-2023-final-t
exmfdist/tex/generic/pgf/math/pgfmathfunctions.base.code.tex)
(/nix/store/5dwjbrp4zmg2wbnykym9v27g7xv8y3v4-texlive-combined-full-2023-final-t
exmfdist/tex/generic/pgf/math/pgfmathfunctions.round.code.tex)
(/nix/store/5dwjbrp4zmg2wbnykym9v27g7xv8y3v4-texlive-combined-full-2023-final-t
exmfdist/tex/generic/pgf/math/pgfmathfunctions.misc.code.tex)
(/nix/store/5dwjbrp4zmg2wbnykym9v27g7xv8y3v4-texlive-combined-full-2023-final-t
exmfdist/tex/generic/pgf/math/pgfmathfunctions.integerarithmetics.code.tex)
(/nix/store/5dwjbrp4zmg2wbnykym9v27g7xv8y3v4-texlive-combined-full-2023-final-t
exmfdist/tex/generic/pgf/math/pgfmathcalc.code.tex)
(/nix/store/5dwjbrp4zmg2wbnykym9v27g7xv8y3v4-texlive-combined-full-2023-final-t
exmfdist/tex/generic/pgf/math/pgfmathfloat.code.tex
\c@pgfmathroundto@lastzeros=\count287
))
(/nix/store/5dwjbrp4zmg2wbnykym9v27g7xv8y3v4-texlive-combined-full-2023-final-t
exmfdist/tex/generic/pgf/math/pgfint.code.tex)
(/nix/store/5dwjbrp4zmg2wbnykym9v27g7xv8y3v4-texlive-combined-full-2023-final-t
exmfdist/tex/generic/pgf/basiclayer/pgfcorepoints.code.tex
File: pgfcorepoints.code.tex 2023-01-15 v3.1.10 (3.1.10)
\pgf@picminx=\dimen169
\pgf@picmaxx=\dimen170
\pgf@picminy=\dimen171
\pgf@picmaxy=\dimen172
\pgf@pathminx=\dimen173
\pgf@pathmaxx=\dimen174
\pgf@pathminy=\dimen175
\pgf@pathmaxy=\dimen176
\pgf@xx=\dimen177
\pgf@xy=\dimen178
\pgf@yx=\dimen179
\pgf@yy=\dimen180
\pgf@zx=\dimen181
\pgf@zy=\dimen182
)
(/nix/store/5dwjbrp4zmg2wbnykym9v27g7xv8y3v4-texlive-combined-full-2023-final-t
exmfdist/tex/generic/pgf/basiclayer/pgfcorepathconstruct.code.tex
File: pgfcorepathconstruct.code.tex 2023-01-15 v3.1.10 (3.1.10)
\pgf@path@lastx=\dimen183
\pgf@path@lasty=\dimen184
)
(/nix/store/5dwjbrp4zmg2wbnykym9v27g7xv8y3v4-texlive-combined-full-2023-final-t
exmfdist/tex/generic/pgf/basiclayer/pgfcorepathusage.code.tex
File: pgfcorepathusage.code.tex 2023-01-15 v3.1.10 (3.1.10)
\pgf@shorten@end@additional=\dimen185
\pgf@shorten@start@additional=\dimen186
)
(/nix/store/5dwjbrp4zmg2wbnykym9v27g7xv8y3v4-texlive-combined-full-2023-final-t
exmfdist/tex/generic/pgf/basiclayer/pgfcorescopes.code.tex
File: pgfcorescopes.code.tex 2023-01-15 v3.1.10 (3.1.10)
\pgfpic=\box54
\pgf@hbox=\box55
\pgf@layerbox@main=\box56
\pgf@picture@serial@count=\count288
)
(/nix/store/5dwjbrp4zmg2wbnykym9v27g7xv8y3v4-texlive-combined-full-2023-final-t
exmfdist/tex/generic/pgf/basiclayer/pgfcoregraphicstate.code.tex
File: pgfcoregraphicstate.code.tex 2023-01-15 v3.1.10 (3.1.10)
\pgflinewidth=\dimen187
)
(/nix/store/5dwjbrp4zmg2wbnykym9v27g7xv8y3v4-texlive-combined-full-2023-final-t
exmfdist/tex/generic/pgf/basiclayer/pgfcoretransformations.code.tex
File: pgfcoretransformations.code.tex 2023-01-15 v3.1.10 (3.1.10)
\pgf@pt@x=\dimen188
\pgf@pt@y=\dimen189
\pgf@pt@temp=\dimen190
)
(/nix/store/5dwjbrp4zmg2wbnykym9v27g7xv8y3v4-texlive-combined-full-2023-final-t
exmfdist/tex/generic/pgf/basiclayer/pgfcorequick.code.tex
File: pgfcorequick.code.tex 2023-01-15 v3.1.10 (3.1.10)
)
(/nix/store/5dwjbrp4zmg2wbnykym9v27g7xv8y3v4-texlive-combined-full-2023-final-t
exmfdist/tex/generic/pgf/basiclayer/pgfcoreobjects.code.tex
File: pgfcoreobjects.code.tex 2023-01-15 v3.1.10 (3.1.10)
)
(/nix/store/5dwjbrp4zmg2wbnykym9v27g7xv8y3v4-texlive-combined-full-2023-final-t
exmfdist/tex/generic/pgf/basiclayer/pgfcorepathprocessing.code.tex
File: pgfcorepathprocessing.code.tex 2023-01-15 v3.1.10 (3.1.10)
)
(/nix/store/5dwjbrp4zmg2wbnykym9v27g7xv8y3v4-texlive-combined-full-2023-final-t
exmfdist/tex/generic/pgf/basiclayer/pgfcorearrows.code.tex
File: pgfcorearrows.code.tex 2023-01-15 v3.1.10 (3.1.10)
\pgfarrowsep=\dimen191
)
(/nix/store/5dwjbrp4zmg2wbnykym9v27g7xv8y3v4-texlive-combined-full-2023-final-t
exmfdist/tex/generic/pgf/basiclayer/pgfcoreshade.code.tex
File: pgfcoreshade.code.tex 2023-01-15 v3.1.10 (3.1.10)
\pgf@max=\dimen192
\pgf@sys@shading@range@num=\count289
\pgf@shadingcount=\count290
)
(/nix/store/5dwjbrp4zmg2wbnykym9v27g7xv8y3v4-texlive-combined-full-2023-final-t
exmfdist/tex/generic/pgf/basiclayer/pgfcoreimage.code.tex
File: pgfcoreimage.code.tex 2023-01-15 v3.1.10 (3.1.10)
)
(/nix/store/5dwjbrp4zmg2wbnykym9v27g7xv8y3v4-texlive-combined-full-2023-final-t
exmfdist/tex/generic/pgf/basiclayer/pgfcoreexternal.code.tex
File: pgfcoreexternal.code.tex 2023-01-15 v3.1.10 (3.1.10)
\pgfexternal@startupbox=\box57
)
(/nix/store/5dwjbrp4zmg2wbnykym9v27g7xv8y3v4-texlive-combined-full-2023-final-t
exmfdist/tex/generic/pgf/basiclayer/pgfcorelayers.code.tex
File: pgfcorelayers.code.tex 2023-01-15 v3.1.10 (3.1.10)
)
(/nix/store/5dwjbrp4zmg2wbnykym9v27g7xv8y3v4-texlive-combined-full-2023-final-t
exmfdist/tex/generic/pgf/basiclayer/pgfcoretransparency.code.tex
File: pgfcoretransparency.code.tex 2023-01-15 v3.1.10 (3.1.10)
)
(/nix/store/5dwjbrp4zmg2wbnykym9v27g7xv8y3v4-texlive-combined-full-2023-final-t
exmfdist/tex/generic/pgf/basiclayer/pgfcorepatterns.code.tex
File: pgfcorepatterns.code.tex 2023-01-15 v3.1.10 (3.1.10)
)
(/nix/store/5dwjbrp4zmg2wbnykym9v27g7xv8y3v4-texlive-combined-full-2023-final-t
exmfdist/tex/generic/pgf/basiclayer/pgfcorerdf.code.tex
File: pgfcorerdf.code.tex 2023-01-15 v3.1.10 (3.1.10)
)))
(/nix/store/5dwjbrp4zmg2wbnykym9v27g7xv8y3v4-texlive-combined-full-2023-final-t
exmfdist/tex/generic/pgf/modules/pgfmoduleshapes.code.tex
File: pgfmoduleshapes.code.tex 2023-01-15 v3.1.10 (3.1.10)
\pgfnodeparttextbox=\box58
)
(/nix/store/5dwjbrp4zmg2wbnykym9v27g7xv8y3v4-texlive-combined-full-2023-final-t
exmfdist/tex/generic/pgf/modules/pgfmoduleplot.code.tex
File: pgfmoduleplot.code.tex 2023-01-15 v3.1.10 (3.1.10)
)
(/nix/store/5dwjbrp4zmg2wbnykym9v27g7xv8y3v4-texlive-combined-full-2023-final-t
exmfdist/tex/latex/pgf/compatibility/pgfcomp-version-0-65.sty
Package: pgfcomp-version-0-65 2023-01-15 v3.1.10 (3.1.10)
\pgf@nodesepstart=\dimen193
\pgf@nodesepend=\dimen194
)
(/nix/store/5dwjbrp4zmg2wbnykym9v27g7xv8y3v4-texlive-combined-full-2023-final-t
exmfdist/tex/latex/pgf/compatibility/pgfcomp-version-1-18.sty
Package: pgfcomp-version-1-18 2023-01-15 v3.1.10 (3.1.10)
))
(/nix/store/5dwjbrp4zmg2wbnykym9v27g7xv8y3v4-texlive-combined-full-2023-final-t
exmfdist/tex/latex/pgf/utilities/pgffor.sty
(/nix/store/5dwjbrp4zmg2wbnykym9v27g7xv8y3v4-texlive-combined-full-2023-final-t
exmfdist/tex/latex/pgf/utilities/pgfkeys.sty
(/nix/store/5dwjbrp4zmg2wbnykym9v27g7xv8y3v4-texlive-combined-full-2023-final-t
exmfdist/tex/generic/pgf/utilities/pgfkeys.code.tex))
(/nix/store/5dwjbrp4zmg2wbnykym9v27g7xv8y3v4-texlive-combined-full-2023-final-t
exmfdist/tex/latex/pgf/math/pgfmath.sty
(/nix/store/5dwjbrp4zmg2wbnykym9v27g7xv8y3v4-texlive-combined-full-2023-final-t
exmfdist/tex/generic/pgf/math/pgfmath.code.tex))
(/nix/store/5dwjbrp4zmg2wbnykym9v27g7xv8y3v4-texlive-combined-full-2023-final-t
exmfdist/tex/generic/pgf/utilities/pgffor.code.tex
Package: pgffor 2023-01-15 v3.1.10 (3.1.10)
\pgffor@iter=\dimen195
\pgffor@skip=\dimen196
\pgffor@stack=\toks33
\pgffor@toks=\toks34
))
(/nix/store/5dwjbrp4zmg2wbnykym9v27g7xv8y3v4-texlive-combined-full-2023-final-t
exmfdist/tex/generic/pgf/frontendlayer/tikz/tikz.code.tex
Package: tikz 2023-01-15 v3.1.10 (3.1.10)

(/nix/store/5dwjbrp4zmg2wbnykym9v27g7xv8y3v4-texlive-combined-full-2023-final-t
exmfdist/tex/generic/pgf/libraries/pgflibraryplothandlers.code.tex
File: pgflibraryplothandlers.code.tex 2023-01-15 v3.1.10 (3.1.10)
\pgf@plot@mark@count=\count291
\pgfplotmarksize=\dimen197
)
\tikz@lastx=\dimen198
\tikz@lasty=\dimen199
\tikz@lastxsaved=\dimen256
\tikz@lastysaved=\dimen257
\tikz@lastmovetox=\dimen258
\tikz@lastmovetoy=\dimen259
\tikzleveldistance=\dimen260
\tikzsiblingdistance=\dimen261
\tikz@figbox=\box59
\tikz@figbox@bg=\box60
\tikz@tempbox=\box61
\tikz@tempbox@bg=\box62
\tikztreelevel=\count292
\tikznumberofchildren=\count293
\tikznumberofcurrentchild=\count294
\tikz@fig@count=\count295

(/nix/store/5dwjbrp4zmg2wbnykym9v27g7xv8y3v4-texlive-combined-full-2023-final-t
exmfdist/tex/generic/pgf/modules/pgfmodulematrix.code.tex
File: pgfmodulematrix.code.tex 2023-01-15 v3.1.10 (3.1.10)
\pgfmatrixcurrentrow=\count296
\pgfmatrixcurrentcolumn=\count297
\pgf@matrix@numberofcolumns=\count298
)
\tikz@expandcount=\count299

(/nix/store/5dwjbrp4zmg2wbnykym9v27g7xv8y3v4-texlive-combined-full-2023-final-t
exmfdist/tex/generic/pgf/frontendlayer/tikz/libraries/tikzlibrarytopaths.code.t
ex
File: tikzlibrarytopaths.code.tex 2023-01-15 v3.1.10 (3.1.10)
)))
(/nix/store/5dwjbrp4zmg2wbnykym9v27g7xv8y3v4-texlive-combined-full-2023-final-t
exmfdist/tex/generic/pgf/frontendlayer/tikz/libraries/tikzlibraryshapes.code.te
x
File: tikzlibraryshapes.code.tex 2023-01-15 v3.1.10 (3.1.10)

(/nix/store/5dwjbrp4zmg2wbnykym9v27g7xv8y3v4-texlive-combined-full-2023-final-t
exmfdist/tex/generic/pgf/frontendlayer/tikz/libraries/tikzlibraryshapes.geometr
ic.code.tex
File: tikzlibraryshapes.geometric.code.tex 2023-01-15 v3.1.10 (3.1.10)

(/nix/store/5dwjbrp4zmg2wbnykym9v27g7xv8y3v4-texlive-combined-full-2023-final-t
exmfdist/tex/generic/pgf/libraries/shapes/pgflibraryshapes.geometric.code.tex
File: pgflibraryshapes.geometric.code.tex 2023-01-15 v3.1.10 (3.1.10)
))
(/nix/store/5dwjbrp4zmg2wbnykym9v27g7xv8y3v4-texlive-combined-full-2023-final-t
exmfdist/tex/generic/pgf/frontendlayer/tikz/libraries/tikzlibraryshapes.misc.co
de.tex
File: tikzlibraryshapes.misc.code.tex 2023-01-15 v3.1.10 (3.1.10)

(/nix/store/5dwjbrp4zmg2wbnykym9v27g7xv8y3v4-texlive-combined-full-2023-final-t
exmfdist/tex/generic/pgf/libraries/shapes/pgflibraryshapes.misc.code.tex
File: pgflibraryshapes.misc.code.tex 2023-01-15 v3.1.10 (3.1.10)
))
(/nix/store/5dwjbrp4zmg2wbnykym9v27g7xv8y3v4-texlive-combined-full-2023-final-t
exmfdist/tex/generic/pgf/frontendlayer/tikz/libraries/tikzlibraryshapes.symbols
.code.tex
File: tikzlibraryshapes.symbols.code.tex 2023-01-15 v3.1.10 (3.1.10)

(/nix/store/5dwjbrp4zmg2wbnykym9v27g7xv8y3v4-texlive-combined-full-2023-final-t
exmfdist/tex/generic/pgf/libraries/shapes/pgflibraryshapes.symbols.code.tex
File: pgflibraryshapes.symbols.code.tex 2023-01-15 v3.1.10 (3.1.10)
))
(/nix/store/5dwjbrp4zmg2wbnykym9v27g7xv8y3v4-texlive-combined-full-2023-final-t
exmfdist/tex/generic/pgf/frontendlayer/tikz/libraries/tikzlibraryshapes.arrows.
code.tex
File: tikzlibraryshapes.arrows.code.tex 2023-01-15 v3.1.10 (3.1.10)

(/nix/store/5dwjbrp4zmg2wbnykym9v27g7xv8y3v4-texlive-combined-full-2023-final-t
exmfdist/tex/generic/pgf/libraries/shapes/pgflibraryshapes.arrows.code.tex
File: pgflibraryshapes.arrows.code.tex 2023-01-15 v3.1.10 (3.1.10)
))
(/nix/store/5dwjbrp4zmg2wbnykym9v27g7xv8y3v4-texlive-combined-full-2023-final-t
exmfdist/tex/generic/pgf/frontendlayer/tikz/libraries/tikzlibraryshapes.callout
s.code.tex
(/nix/store/5dwjbrp4zmg2wbnykym9v27g7xv8y3v4-texlive-combined-full-2023-final-t
exmfdist/tex/generic/pgf/libraries/shapes/pgflibraryshapes.callouts.code.tex))
(/nix/store/5dwjbrp4zmg2wbnykym9v27g7xv8y3v4-texlive-combined-full-2023-final-t
exmfdist/tex/generic/pgf/frontendlayer/tikz/libraries/tikzlibraryshapes.multipa
rt.code.tex
File: tikzlibraryshapes.multipart.code.tex 2023-01-15 v3.1.10 (3.1.10)

(/nix/store/5dwjbrp4zmg2wbnykym9v27g7xv8y3v4-texlive-combined-full-2023-final-t
exmfdist/tex/generic/pgf/libraries/shapes/pgflibraryshapes.multipart.code.tex
File: pgflibraryshapes.multipart.code.tex 2023-01-15 v3.1.10 (3.1.10)
\pgfnodepartlowerbox=\box63
\pgfnodeparttwobox=\box64
\pgfnodepartthreebox=\box65
\pgfnodepartfourbox=\box66
\pgfnodeparttwentybox=\box67
\pgfnodepartnineteenbox=\box68
\pgfnodeparteighteenbox=\box69
\pgfnodepartseventeenbox=\box70
\pgfnodepartsixteenbox=\box71
\pgfnodepartfifteenbox=\box72
\pgfnodepartfourteenbox=\box73
\pgfnodepartthirteenbox=\box74
\pgfnodeparttwelvebox=\box75
\pgfnodepartelevenbox=\box76
\pgfnodeparttenbox=\box77
\pgfnodepartninebox=\box78
\pgfnodeparteightbox=\box79
\pgfnodepartsevenbox=\box80
\pgfnodepartsixbox=\box81
\pgfnodepartfivebox=\box82
)))
(/nix/store/5dwjbrp4zmg2wbnykym9v27g7xv8y3v4-texlive-combined-full-2023-final-t
exmfdist/tex/generic/pgf/frontendlayer/tikz/libraries/tikzlibrarybackgrounds.co
de.tex
File: tikzlibrarybackgrounds.code.tex 2023-01-15 v3.1.10 (3.1.10)
\pgf@layerbox@background=\box83
\pgf@layerboxsaved@background=\box84
)
\c@barcount=\count300
\c@a=\count301
\c@b=\count302
\c@c=\count303

(/nix/store/5dwjbrp4zmg2wbnykym9v27g7xv8y3v4-texlive-combined-full-2023-final-t
exmfdist/tex/latex/tools/longtable.sty
Package: longtable 2023-11-01 v4.19 Multi-page Table package (DPC)
\LTleft=\skip51
\LTright=\skip52
\LTpre=\skip53
\LTpost=\skip54
\LTchunksize=\count304
\LTcapwidth=\dimen262
\LT@head=\box85
\LT@firsthead=\box86
\LT@foot=\box87
\LT@lastfoot=\box88
\LT@gbox=\box89
\LT@cols=\count305
\LT@rows=\count306
\c@LT@tables=\count307
\c@LT@chunks=\count308
\LT@p@ftn=\toks35
))
(/nix/store/5dwjbrp4zmg2wbnykym9v27g7xv8y3v4-texlive-combined-full-2023-final-t
exmfdist/tex/latex/enumitem/enumitem.sty
Package: enumitem 2019/06/20 v3.9 Customized lists
\labelindent=\skip55
\enit@outerparindent=\dimen263
\enit@toks=\toks36
\enit@inbox=\box90
\enit@count@id=\count309
\enitdp@description=\count310
)
LaTeX Font Info:    Trying to load font information for T1+Raleway-TLF on input
 line 7.

(/nix/store/5dwjbrp4zmg2wbnykym9v27g7xv8y3v4-texlive-combined-full-2023-final-t
exmfdist/tex/latex/raleway/T1Raleway-TLF.fd
File: T1Raleway-TLF.fd 2014/07/28 (autoinst) Font definitions for T1/Raleway-TL
F.
)
LaTeX Font Info:    Font shape `T1/Raleway-TLF/m/n' will be
(Font)              scaled to size 9.0pt on input line 7.
 (build/resume.aux)
\openout1 = `resume.aux'.

LaTeX Font Info:    Checking defaults for OML/cmm/m/it on input line 7.
LaTeX Font Info:    ... okay on input line 7.
LaTeX Font Info:    Checking defaults for OMS/cmsy/m/n on input line 7.
LaTeX Font Info:    ... okay on input line 7.
LaTeX Font Info:    Checking defaults for OT1/cmr/m/n on input line 7.
LaTeX Font Info:    ... okay on input line 7.
LaTeX Font Info:    Checking defaults for T1/cmr/m/n on input line 7.
LaTeX Font Info:    ... okay on input line 7.
LaTeX Font Info:    Checking defaults for TS1/cmr/m/n on input line 7.
LaTeX Font Info:    ... okay on input line 7.
LaTeX Font Info:    Checking defaults for OMX/cmex/m/n on input line 7.
LaTeX Font Info:    ... okay on input line 7.
LaTeX Font Info:    Checking defaults for U/cmr/m/n on input line 7.
LaTeX Font Info:    ... okay on input line 7.
LaTeX Font Info:    Checking defaults for PD1/pdf/m/n on input line 7.
LaTeX Font Info:    ... okay on input line 7.
LaTeX Font Info:    Checking defaults for PU/pdf/m/n on input line 7.
LaTeX Font Info:    ... okay on input line 7.
LaTeX Font Info:    Checking defaults for LY1/ptm/m/n on input line 7.
LaTeX Font Info:    Trying to load font information for LY1+ptm on input line 7
.

(/nix/store/5dwjbrp4zmg2wbnykym9v27g7xv8y3v4-texlive-combined-full-2023-final-t
exmfdist/tex/latex/ly1/ly1ptm.fd
File: ly1ptm.fd 2001/02/01 font definitions for LY1/ptm using Berry names.
)
LaTeX Font Info:    ... okay on input line 7.
Package hyperref Info: Link coloring OFF on input line 7.
 (build/resume.out) (build/resume.out)
\@outlinefile=\write4
\openout4 = `resume.out'.


*geometry* driver: auto-detecting
*geometry* detected driver: pdftex
*geometry* verbose mode - [ preamble ] result:
* driver: pdftex
* paper: a4paper
* layout: <same size as paper>
* layoutoffset:(h,v)=(0.0pt,0.0pt)
* modes: 
* h-part:(L,W,R)=(56.9055pt, 483.69687pt, 56.9055pt)
* v-part:(T,H,B)=(49.79231pt, 745.46222pt, 49.79231pt)
* \paperwidth=597.50787pt
* \paperheight=845.04684pt
* \textwidth=483.69687pt
* \textheight=745.46222pt
* \oddsidemargin=-15.36449pt
* \evensidemargin=-15.36449pt
* \topmargin=-58.0436pt
* \headheight=21.33955pt
* \headsep=14.22636pt
* \topskip=9.0pt
* \footskip=28.45274pt
* \marginparwidth=74.0pt
* \marginparsep=10.0pt
* \columnsep=10.0pt
* \skip\footins=8.0pt plus 4.0pt minus 2.0pt
* \hoffset=0.0pt
* \voffset=0.0pt
* \mag=1000
* \@twocolumnfalse
* \@twosidefalse
* \@mparswitchfalse
* \@reversemarginfalse
* (1in=72.27pt=25.4mm, 1cm=28.453pt)


(/nix/store/5dwjbrp4zmg2wbnykym9v27g7xv8y3v4-texlive-combined-full-2023-final-t
exmfdist/tex/context/base/mkii/supp-pdf.mkii
[Loading MPS to PDF converter (version 2006.09.02).]
\scratchcounter=\count311
\scratchdimen=\dimen264
\scratchbox=\box91
\nofMPsegments=\count312
\nofMParguments=\count313
\everyMPshowfont=\toks37
\MPscratchCnt=\count314
\MPscratchDim=\dimen265
\MPnumerator=\count315
\makeMPintoPDFobject=\count316
\everyMPtoPDFconversion=\toks38
)
(/nix/store/5dwjbrp4zmg2wbnykym9v27g7xv8y3v4-texlive-combined-full-2023-final-t
exmfdist/tex/latex/epstopdf-pkg/epstopdf-base.sty
Package: epstopdf-base 2020-01-24 v2.11 Base part for package epstopdf
Package epstopdf-base Info: Redefining graphics rule for `.eps' on input line 4
85.

(/nix/store/5dwjbrp4zmg2wbnykym9v27g7xv8y3v4-texlive-combined-full-2023-final-t
exmfdist/tex/latex/latexconfig/epstopdf-sys.cfg
File: epstopdf-sys.cfg 2010/07/13 v1.3 Configuration of (r)epstopdf for TeX Liv
e
))
LaTeX Font Info:    Font shape `T1/Raleway-TLF/m/n' will be
(Font)              scaled to size 29.86pt on input line 15.
LaTeX Font Info:    Font shape `T1/Raleway-TLF/b/n' will be
(Font)              scaled to size 29.86pt on input line 15.
LaTeX Font Info:    Font shape `T1/Raleway-TLF/m/n' will be
(Font)              scaled to size 14.4pt on input line 20.

Underfull \hbox (badness 10000) in paragraph at lines 15--21
[][][][][][][]
 []


Underfull \hbox (badness 10000) in paragraph at lines 15--21

 []

LaTeX Font Info:    Font shape `T1/Raleway-TLF/m/n' will be
(Font)              scaled to size 10.0pt on input line 25.
LaTeX Font Info:    Trying to load font information for U+fontawesomefree2 on i
nput line 25.

(/nix/store/5dwjbrp4zmg2wbnykym9v27g7xv8y3v4-texlive-combined-full-2023-final-t
exmfdist/tex/latex/fontawesome5/ufontawesomefree2.fd)
LaTeX Font Info:    External font `cmex7' loaded for size
(Font)              <6> on input line 25.
LaTeX Font Info:    External font `cmex7' loaded for size
(Font)              <5> on input line 25.
LaTeX Font Info:    Trying to load font information for U+fontawesomefree0 on i
nput line 26.

(/nix/store/5dwjbrp4zmg2wbnykym9v27g7xv8y3v4-texlive-combined-full-2023-final-t
exmfdist/tex/latex/fontawesome5/ufontawesomefree0.fd)
LaTeX Font Info:    Trying to load font information for U+fontawesomebrands0 on
 input line 27.

(/nix/store/5dwjbrp4zmg2wbnykym9v27g7xv8y3v4-texlive-combined-full-2023-final-t
exmfdist/tex/latex/fontawesome5/ufontawesomebrands0.fd)
LaTeX Font Info:    Font shape `U/fontawesomebrands0/solid/n' in size <10> not 
available
(Font)              Font shape `U/fontawesomebrands0/regular/n' tried instead o
n input line 27.
LaTeX Font Info:    Trying to load font information for U+fontawesomefree1 on i
nput line 29.

(/nix/store/5dwjbrp4zmg2wbnykym9v27g7xv8y3v4-texlive-combined-full-2023-final-t
exmfdist/tex/latex/fontawesome5/ufontawesomefree1.fd)
Underfull \hbox (badness 10000) in paragraph at lines 25--30

 []


Overfull \hbox (219.19211pt too wide) in paragraph at lines 13--31
[][]  [] 
 []

LaTeX Font Info:    Font shape `T1/Raleway-TLF/b/n' will be
(Font)              scaled to size 9.0pt on input line 44.

Underfull \hbox (badness 10000) in paragraph at lines 44--47

 []

LaTeX Font Info:    Trying to load font information for TS1+Raleway-TLF on inpu
t line 58.

(/nix/store/5dwjbrp4zmg2wbnykym9v27g7xv8y3v4-texlive-combined-full-2023-final-t
exmfdist/tex/latex/raleway/TS1Raleway-TLF.fd
File: TS1Raleway-TLF.fd 2014/07/28 (autoinst) Font definitions for TS1/Raleway-
TLF.
)
LaTeX Font Info:    Font shape `TS1/Raleway-TLF/m/n' will be
(Font)              scaled to size 9.0pt on input line 58.

Underfull \hbox (badness 10000) in paragraph at lines 111--112

 []

LaTeX Font Info:    Font shape `T1/Raleway-TLF/m/n' will be
(Font)              scaled to size 7.0pt on input line 126.
LaTeX Font Info:    Font shape `T1/Raleway-TLF/b/n' will be
(Font)              scaled to size 7.0pt on input line 126.

Underfull \hbox (badness 10000) in paragraph at lines 160--161

 []


Underfull \hbox (badness 10000) in paragraph at lines 182--183

 []


Underfull \hbox (badness 10000) in paragraph at lines 191--192

 []


Underfull \hbox (badness 10000) in paragraph at lines 204--205

 []

[1

{/nix/store/cvfzmr9sdawicnc51qma37lc8if1kq8b-texlive-combined-full-2023-final/s
hare/texmf-var/fonts/map/pdftex/updmap/pdftex.map}{/nix/store/5dwjbrp4zmg2wbnyk
ym9v27g7xv8y3v4-texlive-combined-full-2023-final-texmfdist/fonts/enc/dvips/rale
way/a_bzmckq.enc}{/nix/store/5dwjbrp4zmg2wbnykym9v27g7xv8y3v4-texlive-combined-
full-2023-final-texmfdist/fonts/enc/dvips/fontawesome5/fa5free2.enc}{/nix/store
/5dwjbrp4zmg2wbnykym9v27g7xv8y3v4-texlive-combined-full-2023-final-texmfdist/fo
nts/enc/dvips/fontawesome5/fa5free0.enc}{/nix/store/5dwjbrp4zmg2wbnykym9v27g7xv
8y3v4-texlive-combined-full-2023-final-texmfdist/fonts/enc/dvips/fontawesome5/f
a5brands0.enc}{/nix/store/5dwjbrp4zmg2wbnykym9v27g7xv8y3v4-texlive-combined-ful
l-2023-final-texmfdist/fonts/enc/dvips/fontawesome5/fa5free1.enc}{/nix/store/5d
wjbrp4zmg2wbnykym9v27g7xv8y3v4-texlive-combined-full-2023-final-texmfdist/fonts
/enc/dvips/raleway/a_2bcjq6.enc}] (build/resume.aux)
 ***********
LaTeX2e <2023-11-01> patch level 1
L3 programming layer <2024-02-20>
 ***********
Package rerunfilecheck Info: File `resume.out' has not changed.
(rerunfilecheck)             Checksum: D41D8CD98F00B204E9800998ECF8427E;0.
 ) 
Here is how much of TeX's memory you used:
 25885 strings out of 474116
 537678 string characters out of 5717523
 1966187 words of memory out of 5000000
 47804 multiletter control sequences out of 15000+600000
 670705 words of font info for 64 fonts, out of 8000000 for 9000
 1141 hyphenation exceptions out of 8191
 117i,7n,121p,502b,431s stack positions out of 10000i,1000n,20000p,200000b,200000s
</nix/store/5dwjbrp4zmg2wbnykym9v27g7xv8y3v4-texlive-combined-full-2023-final
-texmfdist/fonts/type1/public/fontawesome5/FontAwesome5Brands-Regular.pfb></nix
/store/5dwjbrp4zmg2wbnykym9v27g7xv8y3v4-texlive-combined-full-2023-final-texmfd
ist/fonts/type1/public/fontawesome5/FontAwesome5Free-Solid.pfb></nix/store/5dwj
brp4zmg2wbnykym9v27g7xv8y3v4-texlive-combined-full-2023-final-texmfdist/fonts/t
ype1/impallari/raleway/Raleway-Bold.pfb></nix/store/5dwjbrp4zmg2wbnykym9v27g7xv
8y3v4-texlive-combined-full-2023-final-texmfdist/fonts/type1/impallari/raleway/
Raleway-Regular.pfb>
Output written on build/resume.pdf (1 page, 93574 bytes).
PDF statistics:
 57 PDF objects out of 1000 (max. 8388607)
 42 compressed objects within 1 object stream
 4 named destinations out of 1000 (max. 500000)
 13 words of extra memory for PDF output out of 10000 (max. 10000000)

